ETH Oberon / Linux X86 2015-12-11
StackOrg  FFAF6C20
08053EF8 Modules
08051788 Files
0804C0E8 Kernel
080491B8 Linux0
Heap growing:  08DE2000 09DE2000
(GC 0ms CG)
CmdLine: 1 ./olx
OTRACE= not found
08DF3008 System
08DF8A28 FileDir
08DF9E08 Objects
08DFFA88 Display
08E087D8 Input
TERM=xterm
SSH_CONNECTION= not found
XAUTHORITY=/home/inky/.Xauthority
DISPLAY=:0
The X.Org Foundation
OWIDTH=2000
OHEIGHT=1550
00000085 BIG-REQUESTS success
OSHM= not found
00000082 MIT-SHM success
08E0E518 Fonts
FontConv= not found
08E105F8 Viewers
08E12718 Reals
08E14098 Texts
08E1C2F8 Oberon
Color= not found
MB= not found
08E222B8 TextFrames
08E29208 MenuViewers
08E340F8 Script
08E39408 ScriptFrames
08E437B8 Styles
08E483F8 Printer
08E4A328 Pictures
08E4D1A8 Bitmaps
08E5F828 Out
08E61168 Centronics
08E61978 V24
Default8.Scn.Fnt not present
Warning: KeyState currently not implemented in Display.
(GC 0ms CG)
08E6D5C8 Edit
Linux0.Mod not present
(GC 0ms CG)
Modules: Linux0.Mod command not found
(GC 0ms CG)
(GC 1ms CG)
(GC 0ms CG)
(GC 0ms CG)
(GC 0ms CG)
(GC 0ms CG)
Closing Display.
